[debug] [2020-09-20T03:01:00.120Z] ----------------------------------------------------------------------
[debug] [2020-09-20T03:01:00.122Z] Command:       /usr/local/bin/node /usr/local/bin/firebase serve --only hosting
[debug] [2020-09-20T03:01:00.122Z] CLI Version:   8.10.0
[debug] [2020-09-20T03:01:00.122Z] Platform:      darwin
[debug] [2020-09-20T03:01:00.122Z] Node Version:  v12.18.3
[debug] [2020-09-20T03:01:00.123Z] Time:          Sat Sep 19 2020 22:01:00 GMT-0500 (Central Daylight Time)
[debug] [2020-09-20T03:01:00.123Z] ----------------------------------------------------------------------
[debug] [2020-09-20T03:01:00.123Z] 
[debug] [2020-09-20T03:01:00.132Z] > command requires scopes: ["email","openid","https://www.googleapis.com/auth/cloudplatformprojects.readonly","https://www.googleapis.com/auth/firebase","https://www.googleapis.com/auth/cloud-platform"]
[debug] [2020-09-20T03:01:00.132Z] > authorizing via signed-in user
[debug] [2020-09-20T03:01:00.132Z] [iam] checking project course-scheduler-35cf5 for permissions ["firebase.projects.get"]
[debug] [2020-09-20T03:01:00.135Z] > refreshing access token with scopes: ["email","https://www.googleapis.com/auth/cloud-platform","https://www.googleapis.com/auth/cloudplatformprojects.readonly","https://www.googleapis.com/auth/firebase","openid"]
[debug] [2020-09-20T03:01:00.135Z] >>> HTTP REQUEST POST https://www.googleapis.com/oauth2/v3/token  
 <request body omitted>
[debug] [2020-09-20T03:01:00.323Z] <<< HTTP RESPONSE 200 {"content-type":"application/json; charset=utf-8","vary":"X-Origin, Referer, Origin,Accept-Encoding","date":"Sun, 20 Sep 2020 03:01:00 GMT","server":"scaffolding on HTTPServer2","cache-control":"private","x-xss-protection":"0","x-frame-options":"SAMEORIGIN","x-content-type-options":"nosniff","alt-svc":"h3-Q050=\":443\"; ma=2592000,h3-29=\":443\"; ma=2592000,h3-27=\":443\"; ma=2592000,h3-T051=\":443\"; ma=2592000,h3-T050=\":443\"; ma=2592000,h3-Q046=\":443\"; ma=2592000,h3-Q043=\":443\"; ma=2592000,quic=\":443\"; ma=2592000; v=\"46,43\"","accept-ranges":"none","transfer-encoding":"chunked"}
[debug] [2020-09-20T03:01:00.342Z] >>> HTTP REQUEST POST https://cloudresourcemanager.googleapis.com/v1/projects/course-scheduler-35cf5:testIamPermissions  
 {"permissions":["firebase.projects.get"]}
[debug] [2020-09-20T03:01:00.521Z] <<< HTTP RESPONSE 200 {"content-type":"application/json; charset=UTF-8","vary":"X-Origin, Referer, Origin,Accept-Encoding","date":"Sun, 20 Sep 2020 03:01:00 GMT","server":"ESF","cache-control":"private","x-xss-protection":"0","x-frame-options":"SAMEORIGIN","x-content-type-options":"nosniff","server-timing":"gfet4t7; dur=47","alt-svc":"h3-Q050=\":443\"; ma=2592000,h3-29=\":443\"; ma=2592000,h3-27=\":443\"; ma=2592000,h3-T051=\":443\"; ma=2592000,h3-T050=\":443\"; ma=2592000,h3-Q046=\":443\"; ma=2592000,h3-Q043=\":443\"; ma=2592000,quic=\":443\"; ma=2592000; v=\"46,43\"","accept-ranges":"none","transfer-encoding":"chunked"}
[debug] [2020-09-20T03:01:00.522Z] >>> HTTP REQUEST GET https://firebase.googleapis.com/v1beta1/projects/course-scheduler-35cf5  
 
[debug] [2020-09-20T03:01:00.753Z] <<< HTTP RESPONSE 200 {"content-type":"application/json; charset=UTF-8","vary":"X-Origin, Referer, Origin,Accept-Encoding","date":"Sun, 20 Sep 2020 03:01:00 GMT","server":"ESF","cache-control":"private","x-xss-protection":"0","x-frame-options":"SAMEORIGIN","x-content-type-options":"nosniff","alt-svc":"h3-Q050=\":443\"; ma=2592000,h3-29=\":443\"; ma=2592000,h3-27=\":443\"; ma=2592000,h3-T051=\":443\"; ma=2592000,h3-T050=\":443\"; ma=2592000,h3-Q046=\":443\"; ma=2592000,h3-Q043=\":443\"; ma=2592000,quic=\":443\"; ma=2592000; v=\"46,43\"","accept-ranges":"none","transfer-encoding":"chunked"}
[debug] [2020-09-20T03:01:00.755Z] >>> HTTP REQUEST GET https://firebase.googleapis.com/v1beta1/projects/course-scheduler-35cf5/webApps/-/config  
 
[debug] [2020-09-20T03:01:01.414Z] <<< HTTP RESPONSE 200 {"content-type":"application/json; charset=UTF-8","vary":"X-Origin, Referer, Origin,Accept-Encoding","date":"Sun, 20 Sep 2020 03:01:01 GMT","server":"ESF","cache-control":"private","x-xss-protection":"0","x-frame-options":"SAMEORIGIN","x-content-type-options":"nosniff","alt-svc":"h3-Q050=\":443\"; ma=2592000,h3-29=\":443\"; ma=2592000,h3-27=\":443\"; ma=2592000,h3-T051=\":443\"; ma=2592000,h3-T050=\":443\"; ma=2592000,h3-Q046=\":443\"; ma=2592000,h3-Q043=\":443\"; ma=2592000,quic=\":443\"; ma=2592000; v=\"46,43\"","accept-ranges":"none","transfer-encoding":"chunked"}
[info] i  hosting: Serving hosting files from: web-build {"metadata":{"emulator":{"name":"hosting"},"message":"Serving hosting files from: \u001b[1mweb-build\u001b[22m"}}
[info] ✔  hosting: Local server: http://localhost:5000 {"metadata":{"emulator":{"name":"hosting"},"message":"Local server: \u001b[4m\u001b[1mhttp://localhost:5000\u001b[22m\u001b[24m"}}
[info] i  hosting: 127.0.0.1 - - [20/Sep/2020:03:01:06 +0000] "GET /expo-service-worker.js HTTP/1.1" 200 1055 "http://localhost:5000/expo-service-worker.js" "Mozilla/5.0 (Macintosh; Intel Mac OS X 10_15_6) AppleWebKit/537.36 (KHTML, like Gecko) Chrome/85.0.4183.83 Safari/537.36" {"metadata":{"emulator":{"name":"hosting"},"message":"127.0.0.1 - - [20/Sep/2020:03:01:06 +0000] \"GET /expo-service-worker.js HTTP/1.1\" 200 1055 \"http://localhost:5000/expo-service-worker.js\" \"Mozilla/5.0 (Macintosh; Intel Mac OS X 10_15_6) AppleWebKit/537.36 (KHTML, like Gecko) Chrome/85.0.4183.83 Safari/537.36\""}}
[info] i  hosting: 127.0.0.1 - - [20/Sep/2020:03:01:07 +0000] "GET /expo-service-worker.js HTTP/1.1" 200 1055 "http://localhost:5000/expo-service-worker.js" "Mozilla/5.0 (Macintosh; Intel Mac OS X 10_15_6) AppleWebKit/537.36 (KHTML, like Gecko) Chrome/85.0.4183.83 Safari/537.36" {"metadata":{"emulator":{"name":"hosting"},"message":"127.0.0.1 - - [20/Sep/2020:03:01:07 +0000] \"GET /expo-service-worker.js HTTP/1.1\" 200 1055 \"http://localhost:5000/expo-service-worker.js\" \"Mozilla/5.0 (Macintosh; Intel Mac OS X 10_15_6) AppleWebKit/537.36 (KHTML, like Gecko) Chrome/85.0.4183.83 Safari/537.36\""}}
